[09:43:09] [main/INFO]: Environment: authHost='https://authserver.mojang.com', accountsHost='https://api.mojang.com', sessionHost='https://sessionserver.mojang.com', name='PROD'
[09:43:10] [main/WARN]: Ambiguity between arguments [teleport, destination] and [teleport, targets] with inputs: [Player, 0123, @e, dd12be42-52a9-4a91-a8a1-11c01849e498]
[09:43:10] [main/WARN]: Ambiguity between arguments [teleport, location] and [teleport, destination] with inputs: [0.1 -0.5 .9, 0 0 0]
[09:43:10] [main/WARN]: Ambiguity between arguments [teleport, location] and [teleport, targets] with inputs: [0.1 -0.5 .9, 0 0 0]
[09:43:10] [main/WARN]: Ambiguity between arguments [teleport, targets] and [teleport, destination] with inputs: [Player, 0123, dd12be42-52a9-4a91-a8a1-11c01849e498]
[09:43:10] [main/WARN]: Ambiguity between arguments [teleport, targets, location] and [teleport, targets, destination] with inputs: [0.1 -0.5 .9, 0 0 0]
[09:43:10] [main/INFO]: Reloading ResourceManager: Default
[09:43:10] [Worker-Main-14/INFO]: Loaded 7 recipes
[09:43:10] [Worker-Main-14/INFO]: Loaded 927 advancements
[09:43:12] [Server thread/INFO]: Starting minecraft server version 1.16.2
[09:43:12] [Server thread/INFO]: Loading properties
[09:43:12] [Server thread/INFO]: Default game type: SURVIVAL
[09:43:12] [Server thread/INFO]: Generating keypair
[09:43:12] [Server console handler/ERROR]: Exception handling console input
java.io.IOException: The handle is invalid
	at java.io.FileInputStream.readBytes(Native Method) ~[?:1.8.0_221]
	at java.io.FileInputStream.read(Unknown Source) ~[?:1.8.0_221]
	at java.io.BufferedInputStream.read1(Unknown Source) ~[?:1.8.0_221]
	at java.io.BufferedInputStream.read(Unknown Source) ~[?:1.8.0_221]
	at sun.nio.cs.StreamDecoder.readBytes(Unknown Source) ~[?:1.8.0_221]
	at sun.nio.cs.StreamDecoder.implRead(Unknown Source) ~[?:1.8.0_221]
	at sun.nio.cs.StreamDecoder.read(Unknown Source) ~[?:1.8.0_221]
	at java.io.InputStreamReader.read(Unknown Source) ~[?:1.8.0_221]
	at java.io.BufferedReader.fill(Unknown Source) ~[?:1.8.0_221]
	at java.io.BufferedReader.readLine(Unknown Source) ~[?:1.8.0_221]
	at java.io.BufferedReader.readLine(Unknown Source) ~[?:1.8.0_221]
	at zg$1.run(SourceFile:89) [server.jar:?]
[09:43:12] [Server thread/INFO]: Starting Minecraft server on 192.168.0.9:25565
[09:43:12] [Server thread/INFO]: Using default channel type
[09:43:13] [Server thread/INFO]: Preparing level "world"
[09:43:13] [Server thread/INFO]: Preparing start region for dimension minecraft:overworld
[09:43:14] [Server thread/INFO]: Preparing spawn area: 0%
[09:43:14] [Server thread/INFO]: Preparing spawn area: 0%
[09:43:14] [Server thread/INFO]: Preparing spawn area: 0%
[09:43:15] [Server thread/INFO]: Time elapsed: 1362 ms
[09:43:15] [Server thread/INFO]: Done (1.487s)! For help, type "help"
[09:45:51] [Server thread/INFO]: Stopping the server
[09:45:52] [Server thread/INFO]: Stopping server
[09:45:52] [Server thread/INFO]: Saving players
[09:45:52] [Server thread/INFO]: Saving worlds
[09:45:52] [Server thread/INFO]: Saving chunks for level 'ServerLevel[world]'/minecraft:overworld
[09:45:54] [Server thread/INFO]: ThreadedAnvilChunkStorage (world): All chunks are saved
[09:45:54] [Server thread/INFO]: Saving chunks for level 'ServerLevel[world]'/minecraft:the_nether
[09:45:54] [Server thread/INFO]: ThreadedAnvilChunkStorage (DIM-1): All chunks are saved
[09:45:54] [Server thread/INFO]: Saving chunks for level 'ServerLevel[world]'/minecraft:the_end
[09:45:54] [Server thread/INFO]: ThreadedAnvilChunkStorage (DIM1): All chunks are saved
[09:45:54] [Server thread/INFO]: ThreadedAnvilChunkStorage (world): All chunks are saved
[09:45:54] [Server thread/INFO]: ThreadedAnvilChunkStorage (DIM-1): All chunks are saved
[09:45:54] [Server thread/INFO]: ThreadedAnvilChunkStorage (DIM1): All chunks are saved
